[0713/145012:ERROR:process_info.cc(608)] range at 0xbc7a430600000000, size 0x1f4 fully unreadable
[0713/145012:ERROR:process_info.cc(608)] range at 0xbc7a436800000000, size 0x1f4 fully unreadable
[0713/145012:ERROR:process_info.cc(608)] range at 0x0, size 0x1f4 fully unreadable
[0713/145012:WARNING:in_range_cast.h(38)] value 2150645767542 out of range
[0713/145012:WARNING:in_range_cast.h(38)] value 2150645762314 out of range
[0713/145012:WARNING:in_range_cast.h(38)] value 2150645767582 out of range
[0713/145012:WARNING:in_range_cast.h(38)] value 2150645766978 out of range
[0713/145012:WARNING:in_range_cast.h(38)] value 2150645768290 out of range
[0713/145012:WARNING:in_range_cast.h(38)] value 2150646272800 out of range
[0714/182737:ERROR:process_info.cc(330)] VirtualQueryEx: Access is denied. (0x5)
[0714/182737:ERROR:process_info.cc(547)] ReadMemoryInfo failed
[0714/182737:ERROR:process_info.cc(608)] range at 0x7ffbe1da5200, size 0x40 fully unreadable
[0714/182737:ERROR:process_info.cc(608)] range at 0x1b5094b45c0, size 0x84 fully unreadable
[0714/182737:ERROR:process_info.cc(608)] range at 0x1b5094b2918, size 0x76 fully unreadable
[0714/182737:ERROR:process_info.cc(608)] range at 0x1b5094b297a, size 0x14 fully unreadable
[0714/182737:ERROR:process_info.cc(608)] range at 0x1b5094b4440, size 0x84 fully unreadable
[0714/182737:ERROR:process_info.cc(608)] range at 0x1b5094b4340, size 0x3a fully unreadable
[0714/182737:ERROR:process_info.cc(608)] range at 0x7ffbe1d71410, size 0x12 fully unreadable
[0714/182737:ERROR:process_info.cc(608)] range at 0x1b5094b4b10, size 0x84 fully unreadable
[0714/182737:ERROR:process_info.cc(608)] range at 0x1b5094b4c90, size 0x40 fully unreadable
[0714/182737:ERROR:process_info.cc(608)] range at 0x1b5094b4cb8, size 0x18 fully unreadable
[0714/182737:ERROR:process_info.cc(608)] range at 0x1b5094b4fe0, size 0x84 fully unreadable
[0714/182737:ERROR:process_info.cc(608)] range at 0x1b5094b5160, size 0x44 fully unreadable
[0714/182737:ERROR:process_info.cc(608)] range at 0x1b5094b5188, size 0x1c fully unreadable
[0714/182737:ERROR:process_info.cc(608)] range at 0x1b5094b6f20, size 0x84 fully unreadable
[0714/182737:ERROR:process_info.cc(608)] range at 0x1b5094b70a0, size 0x3c fully unreadable
[0714/182737:ERROR:process_info.cc(608)] range at 0x1b5094b70c8, size 0x14 fully unreadable
[0714/182737:ERROR:process_info.cc(608)] range at 0x1b5094b72c0, size 0x84 fully unreadable
[0714/182737:ERROR:process_info.cc(608)] range at 0x1b5094b7440, size 0x40 fully unreadable
[0714/182737:ERROR:process_info.cc(608)] range at 0x1b5094b7468, size 0x18 fully unreadable
[0714/182737:ERROR:process_info.cc(608)] range at 0x1b5094b7660, size 0x84 fully unreadable
[0714/182737:ERROR:process_info.cc(608)] range at 0x1b5094b77e0, size 0x3c fully unreadable
[0714/182737:ERROR:process_info.cc(608)] range at 0x1b5094b7808, size 0x14 fully unreadable
[0714/182737:ERROR:process_info.cc(608)] range at 0x1b5094b79f0, size 0x84 fully unreadable
[0714/182737:ERROR:process_info.cc(608)] range at 0x1b5094b7b70, size 0x3e fully unreadable
[0714/182737:ERROR:process_info.cc(608)] range at 0x1b5094b7b98, size 0x16 fully unreadable
[0714/182737:ERROR:process_info.cc(608)] range at 0x1b5094bab60, size 0x84 fully unreadable
[0714/182737:ERROR:process_info.cc(608)] range at 0x1b5094bace0, size 0x3c fully unreadable
[0714/182737:ERROR:process_info.cc(608)] range at 0x1b5094bad08, size 0x14 fully unreadable
[0714/182737:ERROR:process_info.cc(608)] range at 0x1b5094baf40, size 0x84 fully unreadable
[0714/182737:ERROR:process_info.cc(608)] range at 0x1b5094bbc70, size 0x3a fully unreadable
[0714/182737:ERROR:process_info.cc(608)] range at 0x1b5094bbc98, size 0x12 fully unreadable
[0714/182737:ERROR:process_info.cc(608)] range at 0x1b5094b6d40, size 0x84 fully unreadable
[0714/182737:ERROR:process_info.cc(608)] range at 0x1b5094bc3c0, size 0x9a fully unreadable
[0714/182737:ERROR:process_info.cc(608)] range at 0x1b5094bc43e, size 0x1c fully unreadable
[0714/182737:ERROR:process_info.cc(608)] range at 0x1b5094b7dd0, size 0x84 fully unreadable
[0714/182737:ERROR:process_info.cc(608)] range at 0x1b5094bdc10, size 0x3e fully unreadable
[0714/182737:ERROR:process_info.cc(608)] range at 0x1b5094bdc38, size 0x16 fully unreadable
[0714/182737:ERROR:process_info.cc(608)] range at 0x1b5094b8040, size 0x84 fully unreadable
[0714/182737:ERROR:process_info.cc(608)] range at 0x1b5094bdd20, size 0x3a fully unreadable
[0714/182737:ERROR:process_info.cc(608)] range at 0x1b5094bdd48, size 0x12 fully unreadable
[0714/182737:ERROR:process_info.cc(608)] range at 0x1b5094b82b0, size 0x84 fully unreadable
[0714/182737:ERROR:process_info.cc(608)] range at 0x1b5094bf3e0, size 0x3e fully unreadable
[0714/182737:ERROR:process_info.cc(608)] range at 0x1b5094bf408, size 0x16 fully unreadable
[0714/182737:ERROR:process_info.cc(608)] range at 0x1b5094be110, size 0x84 fully unreadable
[0714/182737:ERROR:process_info.cc(608)] range at 0x1b5094bf520, size 0x3e fully unreadable
[0714/182737:ERROR:process_info.cc(608)] range at 0x1b5094bf548, size 0x16 fully unreadable
[0714/182737:ERROR:process_info.cc(608)] range at 0x1b5094b8520, size 0x84 fully unreadable
[0714/182737:ERROR:process_info.cc(608)] range at 0x1b5094bf610, size 0x40 fully unreadable
[0714/182737:ERROR:process_info.cc(608)] range at 0x1b5094bf638, size 0x18 fully unreadable
[0714/182737:ERROR:process_info.cc(608)] range at 0x1b5094bc2a0, size 0x84 fully unreadable
[0714/182737:ERROR:process_info.cc(608)] range at 0x1b5094bf250, size 0x3e fully unreadable
[0714/182737:ERROR:process_info.cc(608)] range at 0x1b5094bf278, size 0x16 fully unreadable
[0714/182737:ERROR:process_info.cc(608)] range at 0x1b5094be6b0, size 0x84 fully unreadable
[0714/182737:ERROR:process_info.cc(608)] range at 0x1b5094bf0c0, size 0x42 fully unreadable
[0714/182737:ERROR:process_info.cc(608)] range at 0x1b5094bf0e8, size 0x1a fully unreadable
[0714/182737:ERROR:process_info.cc(608)] range at 0x1b5094be230, size 0x84 fully unreadable
[0714/182737:ERROR:process_info.cc(608)] range at 0x1b5094bf430, size 0x40 fully unreadable
[0714/182737:ERROR:process_info.cc(608)] range at 0x1b5094bf458, size 0x18 fully unreadable
[0714/182737:ERROR:process_info.cc(608)] range at 0x1b5094be470, size 0x84 fully unreadable
[0714/182737:ERROR:process_info.cc(608)] range at 0x1b5094bf2a0, size 0x42 fully unreadable
[0714/182737:ERROR:process_info.cc(608)] range at 0x1b5094bf2c8, size 0x1a fully unreadable
[0714/182737:ERROR:process_info.cc(608)] range at 0x1b5094be590, size 0x84 fully unreadable
[0714/182737:ERROR:process_info.cc(608)] range at 0x1b5094bb5f0, size 0x50 fully unreadable
[0714/182737:ERROR:process_info.cc(608)] range at 0x1b5094bb618, size 0x28 fully unreadable
[0714/182737:ERROR:process_info.cc(608)] range at 0x1b5094be7d0, size 0x84 fully unreadable
[0714/182737:ERROR:process_info.cc(608)] range at 0x1b5094bf110, size 0x3a fully unreadable
[0714/182737:ERROR:process_info.cc(608)] range at 0x1b5094bf138, size 0x12 fully unreadable
[0714/182737:ERROR:process_info.cc(608)] range at 0x1b5094be350, size 0x84 fully unreadable
[0714/182737:ERROR:process_info.cc(608)] range at 0x1b5094c70c0, size 0x3e fully unreadable
[0714/182737:ERROR:process_info.cc(608)] range at 0x1b5094c70e8, size 0x16 fully unreadable
[0714/182737:ERROR:process_info.cc(608)] range at 0x1b5094beb30, size 0x84 fully unreadable
[0714/182737:ERROR:process_info.cc(608)] range at 0x1b5094cdec0, size 0x4e fully unreadable
[0714/182737:ERROR:process_info.cc(608)] range at 0x1b5094cdee8, size 0x26 fully unreadable
[0714/182737:ERROR:process_info.cc(608)] range at 0x1b5094be8f0, size 0x84 fully unreadable
[0714/182737:ERROR:process_info.cc(608)] range at 0x1b5094c7390, size 0x3e fully unreadable
[0714/182737:ERROR:process_info.cc(608)] range at 0x1b5094c73b8, size 0x16 fully unreadable
[0714/182737:ERROR:process_info.cc(608)] range at 0x1b5094bded0, size 0x84 fully unreadable
[0714/182737:ERROR:process_info.cc(608)] range at 0x1b5094c7930, size 0x3e fully unreadable
[0714/182737:ERROR:process_info.cc(608)] range at 0x1b5094c7958, size 0x16 fully unreadable
[0714/182737:ERROR:process_info.cc(608)] range at 0x1b5094bec50, size 0x84 fully unreadable
[0714/182737:ERROR:process_info.cc(608)] range at 0x1b5094cd8c0, size 0x4c fully unreadable
[0714/182737:ERROR:process_info.cc(608)] range at 0x1b5094cd8e8, size 0x24 fully unreadable
[0714/182737:ERROR:process_info.cc(608)] range at 0x1b5094bea10, size 0x84 fully unreadable
[0714/182737:ERROR:process_info.cc(608)] range at 0x1b5094c7700, size 0x3c fully unreadable
[0714/182737:ERROR:process_info.cc(608)] range at 0x1b5094c7728, size 0x14 fully unreadable
[0714/182737:ERROR:process_info.cc(608)] range at 0x1b5094d3ba0, size 0x84 fully unreadable
[0714/182737:ERROR:process_info.cc(608)] range at 0x1b5094c7200, size 0x40 fully unreadable
[0714/182737:ERROR:process_info.cc(608)] range at 0x1b5094c7228, size 0x18 fully unreadable
[0714/182737:ERROR:process_info.cc(608)] range at 0x1b5094d44a0, size 0x84 fully unreadable
[0714/182737:ERROR:process_info.cc(608)] range at 0x1b5094d9b40, size 0x9e fully unreadable
[0714/182737:ERROR:process_info.cc(608)] range at 0x1b5094d9bbe, size 0x20 fully unreadable
[0714/182737:ERROR:process_info.cc(608)] range at 0x1b5094d2be0, size 0x84 fully unreadable
[0714/182737:ERROR:process_info.cc(608)] range at 0x1b5094d6f80, size 0x3a fully unreadable
[0714/182737:ERROR:process_info.cc(608)] range at 0x1b5094d6fa8, size 0x12 fully unreadable
[0714/182737:ERROR:process_info.cc(608)] range at 0x1b5094d4140, size 0x84 fully unreadable
[0714/182737:ERROR:process_info.cc(608)] range at 0x1b5094d6da0, size 0x40 fully unreadable
[0714/182737:ERROR:process_info.cc(608)] range at 0x1b5094d6dc8, size 0x18 fully unreadable
[0714/182737:ERROR:process_info.cc(608)] range at 0x1b5094d3180, size 0x84 fully unreadable
[0714/182737:ERROR:process_info.cc(608)] range at 0x1b5094d6cb0, size 0x46 fully unreadable
[0714/182737:ERROR:process_info.cc(608)] range at 0x1b5094d6cd8, size 0x1e fully unreadable
[0714/182737:ERROR:process_info.cc(608)] range at 0x1b5094d32a0, size 0x84 fully unreadable
[0714/182737:ERROR:process_info.cc(608)] range at 0x1b5094d68a0, size 0x40 fully unreadable
[0714/182737:ERROR:process_info.cc(608)] range at 0x1b5094d68c8, size 0x18 fully unreadable
[0714/182737:ERROR:process_info.cc(608)] range at 0x1b5094d2d00, size 0x84 fully unreadable
[0714/182737:ERROR:process_info.cc(608)] range at 0x1b5094d73e0, size 0x3a fully unreadable
[0714/182737:ERROR:process_info.cc(608)] range at 0x1b5094d7408, size 0x12 fully unreadable
[0714/182737:ERROR:process_info.cc(608)] range at 0x1b5094d2e20, size 0x84 fully unreadable
[0714/182737:ERROR:process_info.cc(608)] range at 0x1b5094d70c0, size 0x40 fully unreadable
[0714/182737:ERROR:process_info.cc(608)] range at 0x1b5094d70e8, size 0x18 fully unreadable
[0714/182737:ERROR:process_info.cc(608)] range at 0x1b5094d2f40, size 0x84 fully unreadable
[0714/182737:ERROR:process_info.cc(608)] range at 0x1b5094d6ad0, size 0x3c fully unreadable
[0714/182737:ERROR:process_info.cc(608)] range at 0x1b5094d6af8, size 0x14 fully unreadable
[0714/182737:ERROR:process_info.cc(608)] range at 0x1b5094d3cc0, size 0x84 fully unreadable
[0714/182737:ERROR:process_info.cc(608)] range at 0x1b5094d7390, size 0x40 fully unreadable
[0714/182737:ERROR:process_info.cc(608)] range at 0x1b5094d73b8, size 0x18 fully unreadable
[0714/182737:ERROR:process_info.cc(608)] range at 0x1b5094d2640, size 0x84 fully unreadable
[0714/182737:ERROR:process_info.cc(608)] range at 0x1b5094d71b0, size 0x3c fully unreadable
[0714/182737:ERROR:process_info.cc(608)] range at 0x1b5094d71d8, size 0x14 fully unreadable
[0714/182737:ERROR:process_info.cc(608)] range at 0x1b5094d3de0, size 0x84 fully unreadable
[0714/182737:ERROR:process_info.cc(608)] range at 0x1b5094d7520, size 0x3e fully unreadable
[0714/182737:ERROR:process_info.cc(608)] range at 0x1b5094d7548, size 0x16 fully unreadable
[0714/182737:ERROR:process_info.cc(608)] range at 0x1b5094d2ac0, size 0x84 fully unreadable
[0714/182737:ERROR:process_info.cc(608)] range at 0x1b5094d6df0, size 0x40 fully unreadable
[0714/182737:ERROR:process_info.cc(608)] range at 0x1b5094d6e18, size 0x18 fully unreadable
[0714/182737:ERROR:process_info.cc(608)] range at 0x1b5094d3060, size 0x84 fully unreadable
[0714/182737:ERROR:process_info.cc(608)] range at 0x1b5094d1f30, size 0xf6 fully unreadable
[0714/182737:ERROR:process_info.cc(608)] range at 0x1b5094d200e, size 0x18 fully unreadable
[0714/182737:ERROR:process_info.cc(608)] range at 0x1b5094d3960, size 0x84 fully unreadable
[0714/182737:ERROR:process_info.cc(608)] range at 0x1b5094d7200, size 0x40 fully unreadable
[0714/182737:ERROR:process_info.cc(608)] range at 0x1b5094d7228, size 0x18 fully unreadable
[0714/182737:ERROR:process_info.cc(608)] range at 0x1b5094d3a80, size 0x84 fully unreadable
[0714/182737:ERROR:process_info.cc(608)] range at 0x1b5094d6b70, size 0x3a fully unreadable
[0714/182737:ERROR:process_info.cc(608)] range at 0x1b5094d6b98, size 0x12 fully unreadable
[0714/182737:ERROR:process_info.cc(608)] range at 0x1b5094d3f00, size 0x84 fully unreadable
[0714/182737:ERROR:process_info.cc(608)] range at 0x1b5094d69e0, size 0x3e fully unreadable
[0714/182737:ERROR:process_info.cc(608)] range at 0x1b5094d6a08, size 0x16 fully unreadable
[0714/182737:ERROR:process_info.cc(608)] range at 0x1b5094d4020, size 0x84 fully unreadable
[0714/182737:ERROR:process_info.cc(608)] range at 0x1b5094d7430, size 0x3c fully unreadable
[0714/182737:ERROR:process_info.cc(608)] range at 0x1b5094d7458, size 0x14 fully unreadable
[0714/182737:ERROR:process_info.cc(608)] range at 0x1b5094d4260, size 0x84 fully unreadable
[0714/182737:ERROR:process_info.cc(608)] range at 0x1b5094d7250, size 0x3e fully unreadable
[0714/182737:ERROR:process_info.cc(608)] range at 0x1b5094d7278, size 0x16 fully unreadable
[0714/182737:ERROR:process_info.cc(608)] range at 0x1b5094d4380, size 0x84 fully unreadable
[0714/182737:ERROR:process_info.cc(608)] range at 0x1b5094d6c60, size 0x3e fully unreadable
[0714/182737:ERROR:process_info.cc(608)] range at 0x1b5094d6c88, size 0x16 fully unreadable
[0714/182737:ERROR:process_info.cc(608)] range at 0x1b5094d2760, size 0x84 fully unreadable
[0714/182737:ERROR:process_info.cc(608)] range at 0x1b5094d6c10, size 0x3c fully unreadable
[0714/182737:ERROR:process_info.cc(608)] range at 0x1b5094d6c38, size 0x14 fully unreadable
[0714/182737:ERROR:process_info.cc(608)] range at 0x1b5094b45c0, size 0x84 fully unreadable
[0714/182737:ERROR:process_info.cc(608)] range at 0x1b5094b2918, size 0x76 fully unreadable
[0714/182737:ERROR:process_info.cc(608)] range at 0x1b5094b297a, size 0x14 fully unreadable
[0714/182737:ERROR:process_info.cc(608)] range at 0x1b5094b4440, size 0x84 fully unreadable
[0714/182737:ERROR:process_info.cc(608)] range at 0x1b5094b4340, size 0x3a fully unreadable
[0714/182737:ERROR:process_info.cc(608)] range at 0x7ffbe1d71410, size 0x12 fully unreadable
[0714/182737:ERROR:process_info.cc(608)] range at 0x1b5094b4b10, size 0x84 fully unreadable
[0714/182737:ERROR:process_info.cc(608)] range at 0x1b5094b4c90, size 0x40 fully unreadable
[0714/182737:ERROR:process_info.cc(608)] range at 0x1b5094b4cb8, size 0x18 fully unreadable
[0714/182737:ERROR:process_info.cc(608)] range at 0x1b5094b4fe0, size 0x84 fully unreadable
[0714/182737:ERROR:process_info.cc(608)] range at 0x1b5094b5160, size 0x44 fully unreadable
[0714/182737:ERROR:process_info.cc(608)] range at 0x1b5094b5188, size 0x1c fully unreadable
[0714/182737:ERROR:process_info.cc(608)] range at 0x1b5094b6f20, size 0x84 fully unreadable
[0714/182737:ERROR:process_info.cc(608)] range at 0x1b5094b70a0, size 0x3c fully unreadable
[0714/182737:ERROR:process_info.cc(608)] range at 0x1b5094b70c8, size 0x14 fully unreadable
[0714/182737:ERROR:process_info.cc(608)] range at 0x1b5094b72c0, size 0x84 fully unreadable
[0714/182737:ERROR:process_info.cc(608)] range at 0x1b5094b7440, size 0x40 fully unreadable
[0714/182737:ERROR:process_info.cc(608)] range at 0x1b5094b7468, size 0x18 fully unreadable
[0714/182737:ERROR:process_info.cc(608)] range at 0x1b5094b7660, size 0x84 fully unreadable
[0714/182737:ERROR:process_info.cc(608)] range at 0x1b5094b77e0, size 0x3c fully unreadable
[0714/182737:ERROR:process_info.cc(608)] range at 0x1b5094b7808, size 0x14 fully unreadable
[0714/182737:ERROR:process_info.cc(608)] range at 0x1b5094b79f0, size 0x84 fully unreadable
[0714/182737:ERROR:process_info.cc(608)] range at 0x1b5094b7b70, size 0x3e fully unreadable
[0714/182737:ERROR:process_info.cc(608)] range at 0x1b5094b7b98, size 0x16 fully unreadable
[0714/182737:ERROR:process_info.cc(608)] range at 0x1b5094bab60, size 0x84 fully unreadable
[0714/182737:ERROR:process_info.cc(608)] range at 0x1b5094bace0, size 0x3c fully unreadable
[0714/182737:ERROR:process_info.cc(608)] range at 0x1b5094bad08, size 0x14 fully unreadable
[0714/182737:ERROR:process_info.cc(608)] range at 0x1b5094baf40, size 0x84 fully unreadable
[0714/182737:ERROR:process_info.cc(608)] range at 0x1b5094bbc70, size 0x3a fully unreadable
[0714/182737:ERROR:process_info.cc(608)] range at 0x1b5094bbc98, size 0x12 fully unreadable
[0714/182737:ERROR:process_info.cc(608)] range at 0x1b5094b6d40, size 0x84 fully unreadable
[0714/182737:ERROR:process_info.cc(608)] range at 0x1b5094bc3c0, size 0x9a fully unreadable
[0714/182737:ERROR:process_info.cc(608)] range at 0x1b5094bc43e, size 0x1c fully unreadable
[0714/182737:ERROR:process_info.cc(608)] range at 0x1b5094b7dd0, size 0x84 fully unreadable
[0714/182737:ERROR:process_info.cc(608)] range at 0x1b5094bdc10, size 0x3e fully unreadable
[0714/182737:ERROR:process_info.cc(608)] range at 0x1b5094bdc38, size 0x16 fully unreadable
[0714/182737:ERROR:process_info.cc(608)] range at 0x1b5094b8040, size 0x84 fully unreadable
[0714/182737:ERROR:process_info.cc(608)] range at 0x1b5094bdd20, size 0x3a fully unreadable
[0714/182737:ERROR:process_info.cc(608)] range at 0x1b5094bdd48, size 0x12 fully unreadable
[0714/182737:ERROR:process_info.cc(608)] range at 0x1b5094b82b0, size 0x84 fully unreadable
[0714/182737:ERROR:process_info.cc(608)] range at 0x1b5094bf3e0, size 0x3e fully unreadable
[0714/182737:ERROR:process_info.cc(608)] range at 0x1b5094bf408, size 0x16 fully unreadable
[0714/182737:ERROR:process_info.cc(608)] range at 0x1b5094be110, size 0x84 fully unreadable
[0714/182737:ERROR:process_info.cc(608)] range at 0x1b5094bf520, size 0x3e fully unreadable
[0714/182737:ERROR:process_info.cc(608)] range at 0x1b5094bf548, size 0x16 fully unreadable
[0714/182737:ERROR:process_info.cc(608)] range at 0x1b5094b8520, size 0x84 fully unreadable
[0714/182737:ERROR:process_info.cc(608)] range at 0x1b5094bf610, size 0x40 fully unreadable
[0714/182737:ERROR:process_info.cc(608)] range at 0x1b5094bf638, size 0x18 fully unreadable
[0714/182737:ERROR:process_info.cc(608)] range at 0x1b5094bc2a0, size 0x84 fully unreadable
[0714/182737:ERROR:process_info.cc(608)] range at 0x1b5094bf250, size 0x3e fully unreadable
[0714/182737:ERROR:process_info.cc(608)] range at 0x1b5094bf278, size 0x16 fully unreadable
[0714/182737:ERROR:process_info.cc(608)] range at 0x1b5094be6b0, size 0x84 fully unreadable
[0714/182737:ERROR:process_info.cc(608)] range at 0x1b5094bf0c0, size 0x42 fully unreadable
[0714/182737:ERROR:process_info.cc(608)] range at 0x1b5094bf0e8, size 0x1a fully unreadable
[0714/182737:ERROR:process_info.cc(608)] range at 0x1b5094be230, size 0x84 fully unreadable
[0714/182737:ERROR:process_info.cc(608)] range at 0x1b5094bf430, size 0x40 fully unreadable
[0714/182737:ERROR:process_info.cc(608)] range at 0x1b5094bf458, size 0x18 fully unreadable
[0714/182737:ERROR:process_info.cc(608)] range at 0x1b5094be470, size 0x84 fully unreadable
[0714/182737:ERROR:process_info.cc(608)] range at 0x1b5094bf2a0, size 0x42 fully unreadable
[0714/182737:ERROR:process_info.cc(608)] range at 0x1b5094bf2c8, size 0x1a fully unreadable
[0714/182737:ERROR:process_info.cc(608)] range at 0x1b5094be590, size 0x84 fully unreadable
[0714/182737:ERROR:process_info.cc(608)] range at 0x1b5094bb5f0, size 0x50 fully unreadable
[0714/182737:ERROR:process_info.cc(608)] range at 0x1b5094bb618, size 0x28 fully unreadable
[0714/182737:ERROR:process_info.cc(608)] range at 0x1b5094be7d0, size 0x84 fully unreadable
[0714/182737:ERROR:process_info.cc(608)] range at 0x1b5094bf110, size 0x3a fully unreadable
[0714/182737:ERROR:process_info.cc(608)] range at 0x1b5094bf138, size 0x12 fully unreadable
[0714/182737:ERROR:process_info.cc(608)] range at 0x1b5094be350, size 0x84 fully unreadable
[0714/182737:ERROR:process_info.cc(608)] range at 0x1b5094c70c0, size 0x3e fully unreadable
[0714/182737:ERROR:process_info.cc(608)] range at 0x1b5094c70e8, size 0x16 fully unreadable
[0714/182737:ERROR:process_info.cc(608)] range at 0x1b5094beb30, size 0x84 fully unreadable
[0714/182737:ERROR:process_info.cc(608)] range at 0x1b5094cdec0, size 0x4e fully unreadable
[0714/182737:ERROR:process_info.cc(608)] range at 0x1b5094cdee8, size 0x26 fully unreadable
[0714/182737:ERROR:process_info.cc(608)] range at 0x1b5094be8f0, size 0x84 fully unreadable
[0714/182737:ERROR:process_info.cc(608)] range at 0x1b5094c7390, size 0x3e fully unreadable
[0714/182737:ERROR:process_info.cc(608)] range at 0x1b5094c73b8, size 0x16 fully unreadable
[0714/182737:ERROR:process_info.cc(608)] range at 0x1b5094bded0, size 0x84 fully unreadable
[0714/182737:ERROR:process_info.cc(608)] range at 0x1b5094c7930, size 0x3e fully unreadable
[0714/182737:ERROR:process_info.cc(608)] range at 0x1b5094c7958, size 0x16 fully unreadable
[0714/182737:ERROR:process_info.cc(608)] range at 0x1b5094bec50, size 0x84 fully unreadable
[0714/182737:ERROR:process_info.cc(608)] range at 0x1b5094cd8c0, size 0x4c fully unreadable
[0714/182737:ERROR:process_info.cc(608)] range at 0x1b5094cd8e8, size 0x24 fully unreadable
[0714/182737:ERROR:process_info.cc(608)] range at 0x1b5094bea10, size 0x84 fully unreadable
[0714/182737:ERROR:process_info.cc(608)] range at 0x1b5094c7700, size 0x3c fully unreadable
[0714/182737:ERROR:process_info.cc(608)] range at 0x1b5094c7728, size 0x14 fully unreadable
[0714/182737:ERROR:process_info.cc(608)] range at 0x1b5094d3ba0, size 0x84 fully unreadable
[0714/182737:ERROR:process_info.cc(608)] range at 0x1b5094c7200, size 0x40 fully unreadable
[0714/182737:ERROR:process_info.cc(608)] range at 0x1b5094c7228, size 0x18 fully unreadable
[0714/182737:ERROR:process_info.cc(608)] range at 0x1b5094d44a0, size 0x84 fully unreadable
[0714/182737:ERROR:process_info.cc(608)] range at 0x1b5094d9b40, size 0x9e fully unreadable
[0714/182737:ERROR:process_info.cc(608)] range at 0x1b5094d9bbe, size 0x20 fully unreadable
[0714/182737:ERROR:process_info.cc(608)] range at 0x1b5094d2be0, size 0x84 fully unreadable
[0714/182737:ERROR:process_info.cc(608)] range at 0x1b5094d6f80, size 0x3a fully unreadable
[0714/182737:ERROR:process_info.cc(608)] range at 0x1b5094d6fa8, size 0x12 fully unreadable
[0714/182737:ERROR:process_info.cc(608)] range at 0x1b5094d4140, size 0x84 fully unreadable
[0714/182737:ERROR:process_info.cc(608)] range at 0x1b5094d6da0, size 0x40 fully unreadable
[0714/182737:ERROR:process_info.cc(608)] range at 0x1b5094d6dc8, size 0x18 fully unreadable
[0714/182737:ERROR:process_info.cc(608)] range at 0x1b5094d3180, size 0x84 fully unreadable
[0714/182737:ERROR:process_info.cc(608)] range at 0x1b5094d6cb0, size 0x46 fully unreadable
[0714/182737:ERROR:process_info.cc(608)] range at 0x1b5094d6cd8, size 0x1e fully unreadable
[0714/182737:ERROR:process_info.cc(608)] range at 0x1b5094d32a0, size 0x84 fully unreadable
[0714/182737:ERROR:process_info.cc(608)] range at 0x1b5094d68a0, size 0x40 fully unreadable
[0714/182737:ERROR:process_info.cc(608)] range at 0x1b5094d68c8, size 0x18 fully unreadable
[0714/182737:ERROR:process_info.cc(608)] range at 0x1b5094d2d00, size 0x84 fully unreadable
[0714/182737:ERROR:process_info.cc(608)] range at 0x1b5094d73e0, size 0x3a fully unreadable
[0714/182737:ERROR:process_info.cc(608)] range at 0x1b5094d7408, size 0x12 fully unreadable
[0714/182737:ERROR:process_info.cc(608)] range at 0x1b5094d2e20, size 0x84 fully unreadable
[0714/182737:ERROR:process_info.cc(608)] range at 0x1b5094d70c0, size 0x40 fully unreadable
[0714/182737:ERROR:process_info.cc(608)] range at 0x1b5094d70e8, size 0x18 fully unreadable
[0714/182737:ERROR:process_info.cc(608)] range at 0x1b5094d2f40, size 0x84 fully unreadable
[0714/182737:ERROR:process_info.cc(608)] range at 0x1b5094d6ad0, size 0x3c fully unreadable
[0714/182737:ERROR:process_info.cc(608)] range at 0x1b5094d6af8, size 0x14 fully unreadable
[0714/182737:ERROR:process_info.cc(608)] range at 0x1b5094d3cc0, size 0x84 fully unreadable
[0714/182737:ERROR:process_info.cc(608)] range at 0x1b5094d7390, size 0x40 fully unreadable
[0714/182737:ERROR:process_info.cc(608)] range at 0x1b5094d73b8, size 0x18 fully unreadable
[0714/182737:ERROR:process_info.cc(608)] range at 0x1b5094d2640, size 0x84 fully unreadable
[0714/182737:ERROR:process_info.cc(608)] range at 0x1b5094d71b0, size 0x3c fully unreadable
[0714/182737:ERROR:process_info.cc(608)] range at 0x1b5094d71d8, size 0x14 fully unreadable
[0714/182737:ERROR:process_info.cc(608)] range at 0x1b5094d3de0, size 0x84 fully unreadable
[0714/182737:ERROR:process_info.cc(608)] range at 0x1b5094d7520, size 0x3e fully unreadable
[0714/182737:ERROR:process_info.cc(608)] range at 0x1b5094d7548, size 0x16 fully unreadable
[0714/182737:ERROR:process_info.cc(608)] range at 0x1b5094d2ac0, size 0x84 fully unreadable
[0714/182737:ERROR:process_info.cc(608)] range at 0x1b5094d6df0, size 0x40 fully unreadable
[0714/182737:ERROR:process_info.cc(608)] range at 0x1b5094d6e18, size 0x18 fully unreadable
[0714/182737:ERROR:process_info.cc(608)] range at 0x1b5094d3060, size 0x84 fully unreadable
[0714/182737:ERROR:process_info.cc(608)] range at 0x1b5094d1f30, size 0xf6 fully unreadable
[0714/182737:ERROR:process_info.cc(608)] range at 0x1b5094d200e, size 0x18 fully unreadable
[0714/182737:ERROR:process_info.cc(608)] range at 0x1b5094d3960, size 0x84 fully unreadable
[0714/182737:ERROR:process_info.cc(608)] range at 0x1b5094d7200, size 0x40 fully unreadable
[0714/182737:ERROR:process_info.cc(608)] range at 0x1b5094d7228, size 0x18 fully unreadable
[0714/182737:ERROR:process_info.cc(608)] range at 0x1b5094d3a80, size 0x84 fully unreadable
[0714/182737:ERROR:process_info.cc(608)] range at 0x1b5094d6b70, size 0x3a fully unreadable
[0714/182737:ERROR:process_info.cc(608)] range at 0x1b5094d6b98, size 0x12 fully unreadable
[0714/182737:ERROR:process_info.cc(608)] range at 0x1b5094d3f00, size 0x84 fully unreadable
[0714/182737:ERROR:process_info.cc(608)] range at 0x1b5094d69e0, size 0x3e fully unreadable
[0714/182737:ERROR:process_info.cc(608)] range at 0x1b5094d6a08, size 0x16 fully unreadable
[0714/182737:ERROR:process_info.cc(608)] range at 0x1b5094d4020, size 0x84 fully unreadable
[0714/182737:ERROR:process_info.cc(608)] range at 0x1b5094d7430, size 0x3c fully unreadable
[0714/182737:ERROR:process_info.cc(608)] range at 0x1b5094d7458, size 0x14 fully unreadable
[0714/182737:ERROR:process_info.cc(608)] range at 0x1b5094d4260, size 0x84 fully unreadable
[0714/182737:ERROR:process_info.cc(608)] range at 0x1b5094d7250, size 0x3e fully unreadable
[0714/182737:ERROR:process_info.cc(608)] range at 0x1b5094d7278, size 0x16 fully unreadable
[0714/182737:ERROR:process_info.cc(608)] range at 0x1b5094d4380, size 0x84 fully unreadable
[0714/182737:ERROR:process_info.cc(608)] range at 0x1b5094d6c60, size 0x3e fully unreadable
[0714/182737:ERROR:process_info.cc(608)] range at 0x1b5094d6c88, size 0x16 fully unreadable
[0714/182737:ERROR:process_info.cc(608)] range at 0x1b5094d2760, size 0x84 fully unreadable
[0714/182737:ERROR:process_info.cc(608)] range at 0x1b5094d6c10, size 0x3c fully unreadable
[0714/182737:ERROR:process_info.cc(608)] range at 0x1b5094d6c38, size 0x14 fully unreadable
[0714/182737:ERROR:process_info.cc(608)] range at 0x1b5094b4440, size 0x84 fully unreadable
[0714/182737:ERROR:process_info.cc(608)] range at 0x1b5094b4340, size 0x3a fully unreadable
[0714/182737:ERROR:process_info.cc(608)] range at 0x7ffbe1d71410, size 0x12 fully unreadable
[0714/182737:ERROR:process_info.cc(608)] range at 0x1b5094b4fe0, size 0x84 fully unreadable
[0714/182737:ERROR:process_info.cc(608)] range at 0x1b5094b5160, size 0x44 fully unreadable
[0714/182737:ERROR:process_info.cc(608)] range at 0x1b5094b5188, size 0x1c fully unreadable
[0714/182737:ERROR:process_info.cc(608)] range at 0x1b5094b4b10, size 0x84 fully unreadable
[0714/182737:ERROR:process_info.cc(608)] range at 0x1b5094b4c90, size 0x40 fully unreadable
[0714/182737:ERROR:process_info.cc(608)] range at 0x1b5094b4cb8, size 0x18 fully unreadable
[0714/182737:ERROR:process_info.cc(608)] range at 0x1b5094b7660, size 0x84 fully unreadable
[0714/182737:ERROR:process_info.cc(608)] range at 0x1b5094b77e0, size 0x3c fully unreadable
[0714/182737:ERROR:process_info.cc(608)] range at 0x1b5094b7808, size 0x14 fully unreadable
[0714/182737:ERROR:process_info.cc(608)] range at 0x1b5094b6f20, size 0x84 fully unreadable
[0714/182737:ERROR:process_info.cc(608)] range at 0x1b5094b70a0, size 0x3c fully unreadable
[0714/182737:ERROR:process_info.cc(608)] range at 0x1b5094b70c8, size 0x14 fully unreadable
[0714/182737:ERROR:process_info.cc(608)] range at 0x1b5094b79f0, size 0x84 fully unreadable
[0714/182737:ERROR:process_info.cc(608)] range at 0x1b5094b7b70, size 0x3e fully unreadable
[0714/182737:ERROR:process_info.cc(608)] range at 0x1b5094b7b98, size 0x16 fully unreadable
[0714/182737:ERROR:process_info.cc(608)] range at 0x1b5094b72c0, size 0x84 fully unreadable
[0714/182737:ERROR:process_info.cc(608)] range at 0x1b5094b7440, size 0x40 fully unreadable
[0714/182737:ERROR:process_info.cc(608)] range at 0x1b5094b7468, size 0x18 fully unreadable
[0714/182737:ERROR:process_info.cc(608)] range at 0x1b5094be590, size 0x84 fully unreadable
[0714/182737:ERROR:process_info.cc(608)] range at 0x1b5094bb5f0, size 0x50 fully unreadable
[0714/182737:ERROR:process_info.cc(608)] range at 0x1b5094bb618, size 0x28 fully unreadable
[0714/182737:ERROR:process_info.cc(608)] range at 0x1b5094be470, size 0x84 fully unreadable
[0714/182737:ERROR:process_info.cc(608)] range at 0x1b5094bf2a0, size 0x42 fully unreadable
[0714/182737:ERROR:process_info.cc(608)] range at 0x1b5094bf2c8, size 0x1a fully unreadable
[0714/182737:ERROR:process_info.cc(608)] range at 0x1b5094b6d40, size 0x84 fully unreadable
[0714/182737:ERROR:process_info.cc(608)] range at 0x1b5094bc3c0, size 0x9a fully unreadable
[0714/182737:ERROR:process_info.cc(608)] range at 0x1b5094bc43e, size 0x1c fully unreadable
[0714/182737:ERROR:process_info.cc(608)] range at 0x1b5094b7dd0, size 0x84 fully unreadable
[0714/182737:ERROR:process_info.cc(608)] range at 0x1b5094bdc10, size 0x3e fully unreadable
[0714/182737:ERROR:process_info.cc(608)] range at 0x1b5094bdc38, size 0x16 fully unreadable
[0714/182737:ERROR:process_info.cc(608)] range at 0x1b5094be230, size 0x84 fully unreadable
[0714/182737:ERROR:process_info.cc(608)] range at 0x1b5094bf430, size 0x40 fully unreadable
[0714/182737:ERROR:process_info.cc(608)] range at 0x1b5094bf458, size 0x18 fully unreadable
[0714/182737:ERROR:process_info.cc(608)] range at 0x1b5094be6b0, size 0x84 fully unreadable
[0714/182737:ERROR:process_info.cc(608)] range at 0x1b5094bf0c0, size 0x42 fully unreadable
[0714/182737:ERROR:process_info.cc(608)] range at 0x1b5094bf0e8, size 0x1a fully unreadable
[0714/182737:ERROR:process_info.cc(608)] range at 0x1b5094baf40, size 0x84 fully unreadable
[0714/182737:ERROR:process_info.cc(608)] range at 0x1b5094bbc70, size 0x3a fully unreadable
[0714/182737:ERROR:process_info.cc(608)] range at 0x1b5094bbc98, size 0x12 fully unreadable
[0714/182737:ERROR:process_info.cc(608)] range at 0x1b5094bab60, size 0x84 fully unreadable
[0714/182737:ERROR:process_info.cc(608)] range at 0x1b5094bace0, size 0x3c fully unreadable
[0714/182737:ERROR:process_info.cc(608)] range at 0x1b5094bad08, size 0x14 fully unreadable
[0714/182737:ERROR:process_info.cc(608)] range at 0x1b5094be7d0, size 0x84 fully unreadable
[0714/182737:ERROR:process_info.cc(608)] range at 0x1b5094bf110, size 0x3a fully unreadable
[0714/182737:ERROR:process_info.cc(608)] range at 0x1b5094bf138, size 0x12 fully unreadable
[0714/182737:ERROR:process_info.cc(608)] range at 0x1b5094b8040, size 0x84 fully unreadable
[0714/182737:ERROR:process_info.cc(608)] range at 0x1b5094bdd20, size 0x3a fully unreadable
[0714/182737:ERROR:process_info.cc(608)] range at 0x1b5094bdd48, size 0x12 fully unreadable
[0714/182737:ERROR:process_info.cc(608)] range at 0x1b5094be110, size 0x84 fully unreadable
[0714/182737:ERROR:process_info.cc(608)] range at 0x1b5094bf520, size 0x3e fully unreadable
[0714/182737:ERROR:process_info.cc(608)] range at 0x1b5094bf548, size 0x16 fully unreadable
[0714/182737:ERROR:process_info.cc(608)] range at 0x1b5094b82b0, size 0x84 fully unreadable
[0714/182737:ERROR:process_info.cc(608)] range at 0x1b5094bf3e0, size 0x3e fully unreadable
[0714/182737:ERROR:process_info.cc(608)] range at 0x1b5094bf408, size 0x16 fully unreadable
[0714/182737:ERROR:process_info.cc(608)] range at 0x1b5094b8520, size 0x84 fully unreadable
[0714/182737:ERROR:process_info.cc(608)] range at 0x1b5094bf610, size 0x40 fully unreadable
[0714/182737:ERROR:process_info.cc(608)] range at 0x1b5094bf638, size 0x18 fully unreadable
[0714/182737:ERROR:process_info.cc(608)] range at 0x1b5094bc2a0, size 0x84 fully unreadable
[0714/182737:ERROR:process_info.cc(608)] range at 0x1b5094bf250, size 0x3e fully unreadable
[0714/182737:ERROR:process_info.cc(608)] range at 0x1b5094bf278, size 0x16 fully unreadable
[0714/182737:ERROR:process_info.cc(608)] range at 0x1b5094be8f0, size 0x84 fully unreadable
[0714/182737:ERROR:process_info.cc(608)] range at 0x1b5094c7390, size 0x3e fully unreadable
[0714/182737:ERROR:process_info.cc(608)] range at 0x1b5094c73b8, size 0x16 fully unreadable
[0714/182737:ERROR:process_info.cc(608)] range at 0x1b5094bded0, size 0x84 fully unreadable
[0714/182737:ERROR:process_info.cc(608)] range at 0x1b5094c7930, size 0x3e fully unreadable
[0714/182737:ERROR:process_info.cc(608)] range at 0x1b5094c7958, size 0x16 fully unreadable
[0714/182737:ERROR:process_info.cc(608)] range at 0x1b5094bec50, size 0x84 fully unreadable
[0714/182737:ERROR:process_info.cc(608)] range at 0x1b5094cd8c0, size 0x4c fully unreadable
[0714/182737:ERROR:process_info.cc(608)] range at 0x1b5094cd8e8, size 0x24 fully unreadable
[0714/182737:ERROR:process_info.cc(608)] range at 0x1b5094bea10, size 0x84 fully unreadable
[0714/182737:ERROR:process_info.cc(608)] range at 0x1b5094c7700, size 0x3c fully unreadable
[0714/182737:ERROR:process_info.cc(608)] range at 0x1b5094c7728, size 0x14 fully unreadable
[0714/182737:ERROR:process_info.cc(608)] range at 0x1b5094d3ba0, size 0x84 fully unreadable
[0714/182737:ERROR:process_info.cc(608)] range at 0x1b5094c7200, size 0x40 fully unreadable
[0714/182737:ERROR:process_info.cc(608)] range at 0x1b5094c7228, size 0x18 fully unreadable
[0714/182737:ERROR:process_info.cc(608)] range at 0x1b5094beb30, size 0x84 fully unreadable
[0714/182737:ERROR:process_info.cc(608)] range at 0x1b5094cdec0, size 0x4e fully unreadable
[0714/182737:ERROR:process_info.cc(608)] range at 0x1b5094cdee8, size 0x26 fully unreadable
[0714/182737:ERROR:process_info.cc(608)] range at 0x1b5094be350, size 0x84 fully unreadable
[0714/182737:ERROR:process_info.cc(608)] range at 0x1b5094c70c0, size 0x3e fully unreadable
[0714/182737:ERROR:process_info.cc(608)] range at 0x1b5094c70e8, size 0x16 fully unreadable
[0714/182737:ERROR:process_info.cc(608)] range at 0x1b5094d2be0, size 0x84 fully unreadable
[0714/182737:ERROR:process_info.cc(608)] range at 0x1b5094d6f80, size 0x3a fully unreadable
[0714/182737:ERROR:process_info.cc(608)] range at 0x1b5094d6fa8, size 0x12 fully unreadable
[0714/182737:ERROR:process_info.cc(608)] range at 0x1b5094d4020, size 0x84 fully unreadable
[0714/182737:ERROR:process_info.cc(608)] range at 0x1b5094d7430, size 0x3c fully unreadable
[0714/182737:ERROR:process_info.cc(608)] range at 0x1b5094d7458, size 0x14 fully unreadable
[0714/182737:ERROR:process_info.cc(608)] range at 0x1b5094d2ac0, size 0x84 fully unreadable
[0714/182737:ERROR:process_info.cc(608)] range at 0x1b5094d6df0, size 0x40 fully unreadable
[0714/182737:ERROR:process_info.cc(608)] range at 0x1b5094d6e18, size 0x18 fully unreadable
[0714/182737:ERROR:process_info.cc(608)] range at 0x1b5094d3060, size 0x84 fully unreadable
[0714/182737:ERROR:process_info.cc(608)] range at 0x1b5094d1f30, size 0xf6 fully unreadable
[0714/182737:ERROR:process_info.cc(608)] range at 0x1b5094d200e, size 0x18 fully unreadable
[0714/182737:ERROR:process_info.cc(608)] range at 0x1b5094d3180, size 0x84 fully unreadable
[0714/182737:ERROR:process_info.cc(608)] range at 0x1b5094d6cb0, size 0x46 fully unreadable
[0714/182737:ERROR:process_info.cc(608)] range at 0x1b5094d6cd8, size 0x1e fully unreadable
[0714/182737:ERROR:process_info.cc(608)] range at 0x1b5094d2760, size 0x84 fully unreadable
[0714/182737:ERROR:process_info.cc(608)] range at 0x1b5094d6c10, size 0x3c fully unreadable
[0714/182737:ERROR:process_info.cc(608)] range at 0x1b5094d6c38, size 0x14 fully unreadable
[0714/182737:ERROR:process_info.cc(608)] range at 0x1b5094d32a0, size 0x84 fully unreadable
[0714/182737:ERROR:process_info.cc(608)] range at 0x1b5094d68a0, size 0x40 fully unreadable
[0714/182737:ERROR:process_info.cc(608)] range at 0x1b5094d68c8, size 0x18 fully unreadable
[0714/182737:ERROR:process_info.cc(608)] range at 0x1b5094d4260, size 0x84 fully unreadable
[0714/182737:ERROR:process_info.cc(608)] range at 0x1b5094d7250, size 0x3e fully unreadable
[0714/182737:ERROR:process_info.cc(608)] range at 0x1b5094d7278, size 0x16 fully unreadable
[0714/182737:ERROR:process_info.cc(608)] range at 0x1b5094d4140, size 0x84 fully unreadable
[0714/182737:ERROR:process_info.cc(608)] range at 0x1b5094d6da0, size 0x40 fully unreadable
[0714/182737:ERROR:process_info.cc(608)] range at 0x1b5094d6dc8, size 0x18 fully unreadable
[0714/182737:ERROR:process_info.cc(608)] range at 0x1b5094d2d00, size 0x84 fully unreadable
[0714/182737:ERROR:process_info.cc(608)] range at 0x1b5094d73e0, size 0x3a fully unreadable
[0714/182737:ERROR:process_info.cc(608)] range at 0x1b5094d7408, size 0x12 fully unreadable
[0714/182737:ERROR:process_info.cc(608)] range at 0x1b5094d2e20, size 0x84 fully unreadable
[0714/182737:ERROR:process_info.cc(608)] range at 0x1b5094d70c0, size 0x40 fully unreadable
[0714/182737:ERROR:process_info.cc(608)] range at 0x1b5094d70e8, size 0x18 fully unreadable
[0714/182737:ERROR:process_info.cc(608)] range at 0x1b5094d3960, size 0x84 fully unreadable
[0714/182737:ERROR:process_info.cc(608)] range at 0x1b5094d7200, size 0x40 fully unreadable
[0714/182737:ERROR:process_info.cc(608)] range at 0x1b5094d7228, size 0x18 fully unreadable
[0714/182737:ERROR:process_info.cc(608)] range at 0x1b5094d2f40, size 0x84 fully unreadable
[0714/182737:ERROR:process_info.cc(608)] range at 0x1b5094d6ad0, size 0x3c fully unreadable
[0714/182737:ERROR:process_info.cc(608)] range at 0x1b5094d6af8, size 0x14 fully unreadable
[0714/182737:ERROR:process_info.cc(608)] range at 0x1b5094d3a80, size 0x84 fully unreadable
[0714/182737:ERROR:process_info.cc(608)] range at 0x1b5094d6b70, size 0x3a fully unreadable
[0714/182737:ERROR:process_info.cc(608)] range at 0x1b5094d6b98, size 0x12 fully unreadable
[0714/182737:ERROR:process_info.cc(608)] range at 0x1b5094d2640, size 0x84 fully unreadable
[0714/182737:ERROR:process_info.cc(608)] range at 0x1b5094d71b0, size 0x3c fully unreadable
[0714/182737:ERROR:process_info.cc(608)] range at 0x1b5094d71d8, size 0x14 fully unreadable
[0714/182737:ERROR:process_info.cc(608)] range at 0x1b5094d3de0, size 0x84 fully unreadable
[0714/182737:ERROR:process_info.cc(608)] range at 0x1b5094d7520, size 0x3e fully unreadable
[0714/182737:ERROR:process_info.cc(608)] range at 0x1b5094d7548, size 0x16 fully unreadable
[0714/182737:ERROR:process_info.cc(608)] range at 0x1b5094d3cc0, size 0x84 fully unreadable
[0714/182737:ERROR:process_info.cc(608)] range at 0x1b5094d7390, size 0x40 fully unreadable
[0714/182737:ERROR:process_info.cc(608)] range at 0x1b5094d73b8, size 0x18 fully unreadable
[0714/182737:ERROR:process_info.cc(608)] range at 0x1b5094d3f00, size 0x84 fully unreadable
[0714/182737:ERROR:process_info.cc(608)] range at 0x1b5094d69e0, size 0x3e fully unreadable
[0714/182737:ERROR:process_info.cc(608)] range at 0x1b5094d6a08, size 0x16 fully unreadable
[0714/182737:ERROR:process_info.cc(608)] range at 0x1b5094d4380, size 0x84 fully unreadable
[0714/182737:ERROR:process_info.cc(608)] range at 0x1b5094d6c60, size 0x3e fully unreadable
[0714/182737:ERROR:process_info.cc(608)] range at 0x1b5094d6c88, size 0x16 fully unreadable
[0714/182737:ERROR:process_info.cc(608)] range at 0x1b5094d44a0, size 0x84 fully unreadable
[0714/182737:ERROR:process_info.cc(608)] range at 0x1b5094d9b40, size 0x9e fully unreadable
[0714/182737:ERROR:process_info.cc(608)] range at 0x1b5094d9bbe, size 0x20 fully unreadable
[0714/182737:ERROR:process_info.cc(608)] range at 0x1b5094b2300, size 0x3ec fully unreadable
[0714/182737:ERROR:process_info.cc(608)] range at 0x1b5094b4770, size 0x7e fully unreadable
[0714/182737:ERROR:process_info.cc(608)] range at 0x1b5094b2918, size 0x76 fully unreadable
[0714/182737:ERROR:process_info.cc(608)] range at 0x1b5094b2990, size 0x18c2 fully unreadable
[0714/182737:ERROR:process_info.cc(608)] range at 0x94b42cc00000000, size 0x1b5 fully unreadable
[0714/182737:ERROR:process_info.cc(608)] range at 0x94b432e00000000, size 0x1b5 fully unreadable
[0714/182737:ERROR:process_info.cc(608)] range at 0x0, size 0x1b5 fully unreadable
[0714/182737:ERROR:process_reader_win.cc(252)] range at 0x1b5094b0860, size 0x10000 completely inaccessible
[0714/182737:ERROR:process_info.cc(608)] range at 0x7ffbe1da21e0, size 0x28 fully unreadable
[0714/182737:ERROR:process_info.cc(608)] range at 0x7ffbe1da2d48, size 0x30 fully unreadable
[0714/182737:ERROR:process_reader_win.cc(141)] SuspendThread: Access is denied. (0x5)
[0714/182737:ERROR:exception_snapshot_win.cc(57)] thread ID 12320 not found in process
[0714/182737:WARNING:crash_report_exception_handler.cc(60)] ProcessSnapshotWin::InitializeException failed
[0714/182737:ERROR:scoped_process_suspend.cc(38)] NtResumeProcess, ntstatus=-1073741558
